{"/Users/rijkvanzanten/Developer/rijkvanzanten/coverage-change-action-tests/packages/test-1/index.js": {"path":"/Users/rijkvanzanten/Developer/rijkvanzanten/coverage-change-action-tests/packages/test-1/index.js","all":false,"statementMap":{"0":{"start":{"line":1,"column":0},"end":{"line":1,"column":61}},"1":{"start":{"line":2,"column":0},"end":{"line":2,"column":0}},"2":{"start":{"line":3,"column":0},"end":{"line":3,"column":11}}},"s":{"0":1,"1":1,"2":1},"branchMap":{"0":{"type":"branch","line":1,"loc":{"start":{"line":1,"column":60},"end":{"line":1,"column":61}},"locations":[{"start":{"line":1,"column":60},"end":{"line":1,"column":61}}]},"1":{"type":"branch","line":1,"loc":{"start":{"line":1,"column":60},"end":{"line":1,"column":61}},"locations":[{"start":{"line":1,"column":60},"end":{"line":1,"column":61}}]}},"b":{"0":[1],"1":[2]},"fnMap":{"0":{"name":"sum","decl":{"start":{"line":1,"column":60},"end":{"line":1,"column":61}},"loc":{"start":{"line":1,"column":60},"end":{"line":1,"column":61}},"line":1}},"f":{"0":1}}
}
